# Домашнее задание к занятию «Индексы». Наталия Ханова.

### Инструкция по выполнению домашнего задания

1. Сделайте fork [репозитория c шаблоном решения](https://github.com/netology-code/sys-pattern-homework) к себе в Github и переименуйте его по названию или номеру занятия, например, https://github.com/имя-вашего-репозитория/gitlab-hw или https://github.com/имя-вашего-репозитория/8-03-hw).
2. Выполните клонирование этого репозитория к себе на ПК с помощью команды `git clone`.
3. Выполните домашнее задание и заполните у себя локально этот файл README.md:
   - впишите вверху название занятия и ваши фамилию и имя;
   - в каждом задании добавьте решение в требуемом виде: текст/код/скриншоты/ссылка;
   - для корректного добавления скриншотов воспользуйтесь инструкцией [«Как вставить скриншот в шаблон с решением»](https://github.com/netology-code/sys-pattern-homework/blob/main/screen-instruction.md);
   - при оформлении используйте возможности языка разметки md. Коротко об этом можно посмотреть в [инструкции по MarkDown](https://github.com/netology-code/sys-pattern-homework/blob/main/md-instruction.md).
4. После завершения работы над домашним заданием сделайте коммит (`git commit -m "comment"`) и отправьте его на Github (`git push origin`).
5. Для проверки домашнего задания преподавателем в личном кабинете прикрепите и отправьте ссылку на решение в виде md-файла в вашем Github.
6. Любые вопросы задавайте в чате учебной группы и/или в разделе «Вопросы по заданию» в личном кабинете.

Желаем успехов в выполнении домашнего задания.

### Задание 1

Напишите запрос к учебной базе данных, который вернёт процентное отношение общего размера всех индексов к общему размеру всех таблиц.

```
SELECT CONCAT(ROUND(SUM(INDEX_LENGTH)/SUM(DATA_LENGTH) * 100, 2), '%') 
"index_length/data_length" FROM INFORMATION_SCHEMA.TABLES
WHERE TABLE_SCHEMA = 'sakila';
```



### Задание 2

Выполните explain analyze следующего запроса:
```sql
select distinct concat(c.last_name, ' ', c.first_name), sum(p.amount) over (partition by c.customer_id, f.title)
from payment p, rental r, customer c, inventory i, film f
where date(p.payment_date) = '2005-07-30' and p.payment_date = r.rental_date and r.customer_id = c.customer_id and i.inventory_id = r.inventory_id
```
- перечислите узкие места;
- оптимизируйте запрос: внесите корректировки по использованию операторов, при необходимости добавьте индексы.


```
-> Table scan on <temporary>  (cost=2.5..2.5 rows=0) (actual time=7359..7359 rows=391 loops=1)
    -> Temporary table with deduplication  (cost=0..0 rows=0) (actual time=7359..7359 rows=391 loops=1)
        -> Window aggregate with buffering: sum(payment.amount) OVER (PARTITION BY c.customer_id,f.title )   (actual time=3444..7124 rows=642000 loops=1)
            -> Sort: c.customer_id, f.title  (actual time=3443..3570 rows=642000 loops=1)
                -> Stream results  (cost=21.8e+6 rows=16.4e+6) (actual time=0.777..2430 rows=642000 loops=1)
                    -> Nested loop inner join  (cost=21.8e+6 rows=16.4e+6) (actual time=0.767..2009 rows=642000 loops=1)
                        -> Nested loop inner join  (cost=20.2e+6 rows=16.4e+6) (actual time=0.759..1684 rows=642000 loops=1)
                            -> Nested loop inner join  (cost=18.5e+6 rows=16.4e+6) (actual time=0.75..1356 rows=642000 loops=1)
                                -> Inner hash join (no condition)  (cost=1.58e+6 rows=15.8e+6) (actual time=0.707..89.9 rows=634000 loops=1)
                                    -> Filter: (cast(p.payment_date as date) = '2005-07-30')  (cost=1.65 rows=15813) (actual time=0.257..14.9 rows=634 loops=1)
                                        -> Table scan on p  (cost=1.65 rows=15813) (actual time=0.241..7.02 rows=16044 loops=1)
                                    -> Hash
                                        -> Covering index scan on f using idx_title  (cost=110 rows=1000) (actual time=0.0887..0.299 rows=1000 loops=1)
                                -> Covering index lookup on r using rental_date (rental_date=p.payment_date)  (cost=0.969 rows=1.04) (actual time=0.00124..0.00175 rows=1.01 loops=634000)
                            -> Single-row index lookup on c using PRIMARY (customer_id=r.customer_id)  (cost=250e-6 rows=1) (actual time=232e-6..273e-6 rows=1 loops=642000)
                        -> Single-row covering index lookup on i using PRIMARY (inventory_id=r.inventory_id)  (cost=250e-6 rows=1) (actual time=223e-6..264e-6 rows=1 loops=642000)
```

- В результатах запроса присутствуют данные из таблиц customer и payment, таблица rental обеспечивает их связь. С другой стороны, таблицы inventory и film не влияют на результаты запроса (amount высчитывается по всем фильмам), и их можно убрать.
- Меняем PARTITION BY на GROUP BY - использование одиночной оконной функции без других оконных операторов избыточно.
- Связываем оставшиеся таблицы через JOIN, выбираем более удобные поля для связи между ними. Обработка идентификаторов займёт меньше времени, чем сравнение дат. payment_date оставляем только в качестве условия для выборки данных. 
- Поскольку группировка результатов запроса идёт по customer_id, уникальному для каждого пользователя, оператор DISTINCT в запросе не нужен, и его тоже можно убрать.   
- Для ускорения поиска по дате (с учётом того, что нам требуются сутки, а не конкретное время) создаём индекс idx_payment_date. 

Так выглядит конечный запрос:
```
CREATE INDEX idx_payment_date ON payment ((DATE(payment_date)));
select concat(c.last_name, ' ', c.first_name), sum(p.amount)
from payment p JOIN rental r ON p.rental_id = r.rental_id 
JOIN customer c ON r.customer_id = c.customer_id 
where date(p.payment_date) = '2005-07-30'
GROUP BY c.customer_id;
```

Результаты применения SELECT-запроса после создания индекса:
```
-> Table scan on <temporary>  (actual time=5.42..5.48 rows=391 loops=1)
    -> Aggregate using temporary table  (actual time=5.41..5.41 rows=391 loops=1)
        -> Nested loop inner join  (cost=964 rows=634) (actual time=0.569..4.77 rows=634 loops=1)
            -> Nested loop inner join  (cost=742 rows=634) (actual time=0.562..4.08 rows=634 loops=1)
                -> Filter: (p.rental_id is not null)  (cost=136 rows=634) (actual time=0.552..3.13 rows=634 loops=1)
                    -> Index lookup on p using idx_payment_date (cast(payment_date as date)='2005-07-30')  (cost=136 rows=634) (actual time=0.55..2.99 rows=634 loops=1)
                -> Single-row index lookup on r using PRIMARY (rental_id=p.rental_id)  (cost=0.857 rows=1) (actual time=0.00121..0.00125 rows=1 loops=634)
            -> Single-row index lookup on c using PRIMARY (customer_id=r.customer_id)  (cost=0.25 rows=1) (actual time=796e-6..831e-6 rows=1 loops=634)
```

## Дополнительные задания (со звёздочкой*)
Эти задания дополнительные, то есть не обязательные к выполнению, и никак не повлияют на получение вами зачёта по этому домашнему заданию. Вы можете их выполнить, если хотите глубже шире разобраться в материале.

### Задание 3*

Самостоятельно изучите, какие типы индексов используются в PostgreSQL. Перечислите те индексы, которые используются в PostgreSQL, а в MySQL — нет.

*Приведите ответ в свободной форме.*

Согласно [официальной документации PostgreSQL](https://postgrespro.ru/docs/postgresql/9.6/indexes-types), в данной СУБД поддерживаются следующие типы индексов:
- B-tree
- HASH
- GiST (Generalized Search Tree) - представляют собой инфраструктуру, позволяющую реализовать различные стратегии индексирования. Разновидность R-tree, позволяет задать принцип распределения данных произвольного типа по сбалансированному дереву. В MySQL не поддерживаются. 
- SP-GiST (Space-Partitioned GiST) - также поддерживают различные типы поиска. Позволяют индексировать различные несбалансированные структуры данных. В MySQL не поддерживаются. 
- GIN (Generalized Inverted Indexes) - инвертированные индексы, могут содержать значения с несколькими ключами, например, массивы. Частичный аналог в MySQL - INVERTED. Тем не менее, возможности GIN шире - наряду с полнотекстовым поиском они позволяют индексировать массивы, а также значения в формате JSON. GIN в MySQL не поддерживаются. 
- BRIN (Block Range INdexes) - хранят обобщённые сведения о значениях, находящихся в физически последовательно расположенных блоках таблицы. В MySQL не поддерживаются. 
